2015-06-03 11:38:09.798 chapter4[2386:1517895] DiskCookieStorage changing policy from 2 to 0, cookie file: file:///Users/WilsonHome/Library/Developer/CoreSimulator/Devices/E6B5ABAE-8EEE-4D89-A025-026E8B306D08/data/Containers/Data/Application/93E6DD4F-8269-40F8-B266-FDF6FE74096C/Library/Cookies/Cookies.binarycookies
2015-06-03 11:38:10.116 chapter4[2386:1517895] Apache Cordova native platform version 3.8.0 is starting.
2015-06-03 11:38:10.117 chapter4[2386:1517895] Multi-tasking -> Device: YES, App: YES
2015-06-03 11:38:10.132 chapter4[2386:1517895] Unlimited access to network resources
2015-06-03 11:38:11.098 chapter4[2386:1517895] Resetting plugins due to page load.
2015-06-03 11:38:11.463 chapter4[2386:1517895] Finished load of: file:///Users/WilsonHome/Library/Developer/CoreSimulator/Devices/E6B5ABAE-8EEE-4D89-A025-026E8B306D08/data/Containers/Bundle/Application/66C725B9-830A-4C24-B0C7-F4FF74F874FF/chapter4.app/www/index.html#/tour
2015-06-05 11:27:37.274 chapter4[30584:1989178] DiskCookieStorage changing policy from 2 to 0, cookie file: file:///Users/WilsonHome/Library/Developer/CoreSimulator/Devices/E6B5ABAE-8EEE-4D89-A025-026E8B306D08/data/Containers/Data/Application/B1C59DE6-6D33-43E6-8A43-2A377DBB54D1/Library/Cookies/Cookies.binarycookies
2015-06-05 11:27:37.579 chapter4[30584:1989178] Apache Cordova native platform version 3.8.0 is starting.
2015-06-05 11:27:37.580 chapter4[30584:1989178] Multi-tasking -> Device: YES, App: YES
2015-06-05 11:27:37.596 chapter4[30584:1989178] Unlimited access to network resources
2015-06-05 11:27:38.167 chapter4[30584:1989178] Resetting plugins due to page load.
2015-06-05 11:27:38.527 chapter4[30584:1989178] Finished load of: file:///Users/WilsonHome/Library/Developer/CoreSimulator/Devices/E6B5ABAE-8EEE-4D89-A025-026E8B306D08/data/Containers/Bundle/Application/8AB163D8-AB16-43D4-8E04-724FC59F5831/chapter4.app/www/index.html#/home
2015-06-07 17:26:24.915 chapter4[12550:285983] DiskCookieStorage changing policy from 2 to 0, cookie file: file:///Users/dimpleyuen/Library/Developer/CoreSimulator/Devices/50D44F17-91F4-4142-A32A-5C58B2EE3870/data/Containers/Data/Application/046F8943-42C9-444C-9A89-D63F1DC35C8B/Library/Cookies/Cookies.binarycookies
2015-06-07 17:26:25.347 chapter4[12550:285983] Apache Cordova native platform version 3.8.0 is starting.
2015-06-07 17:26:25.347 chapter4[12550:285983] Multi-tasking -> Device: YES, App: YES
2015-06-07 17:26:25.368 chapter4[12550:285983] Unlimited access to network resources
2015-06-07 17:26:26.528 chapter4[12550:285983] Resetting plugins due to page load.
2015-06-07 17:26:27.412 chapter4[12550:285983] Finished load of: file:///Users/dimpleyuen/Library/Developer/CoreSimulator/Devices/50D44F17-91F4-4142-A32A-5C58B2EE3870/data/Containers/Bundle/Application/5CDDAA83-0A55-4661-9333-980B451E6CF5/chapter4.app/www/index.html#/
2015-06-07 17:28:12.222 chapter4[12853:288629] DiskCookieStorage changing policy from 2 to 0, cookie file: file:///Users/dimpleyuen/Library/Developer/CoreSimulator/Devices/50D44F17-91F4-4142-A32A-5C58B2EE3870/data/Containers/Data/Application/856FB29D-ABF5-4B57-95A1-C58162A7E442/Library/Cookies/Cookies.binarycookies
2015-06-07 17:28:12.322 chapter4[12853:288629] Apache Cordova native platform version 3.8.0 is starting.
2015-06-07 17:28:12.322 chapter4[12853:288629] Multi-tasking -> Device: YES, App: YES
2015-06-07 17:28:12.324 chapter4[12853:288629] Unlimited access to network resources
2015-06-07 17:28:12.712 chapter4[12853:288629] Resetting plugins due to page load.
2015-06-07 17:28:13.436 chapter4[12853:288629] Finished load of: file:///Users/dimpleyuen/Library/Developer/CoreSimulator/Devices/50D44F17-91F4-4142-A32A-5C58B2EE3870/data/Containers/Bundle/Application/ED04B82D-8046-462C-A37B-0B33856F72AC/chapter4.app/www/index.html#/
2015-06-07 17:49:32.977 chapter4[12853:294024] Terminating since there is no system app.
2015-06-07 17:50:07.302 chapter4[13264:295721] DiskCookieStorage changing policy from 2 to 0, cookie file: file:///Users/dimpleyuen/Library/Developer/CoreSimulator/Devices/50D44F17-91F4-4142-A32A-5C58B2EE3870/data/Containers/Data/Application/4BCDC18F-3725-403B-A78A-98F9EAEA8BB6/Library/Cookies/Cookies.binarycookies
2015-06-07 17:50:07.427 chapter4[13264:295721] Apache Cordova native platform version 3.8.0 is starting.
2015-06-07 17:50:07.428 chapter4[13264:295721] Multi-tasking -> Device: YES, App: YES
2015-06-07 17:50:07.429 chapter4[13264:295721] Unlimited access to network resources
2015-06-07 17:50:07.901 chapter4[13264:295721] Resetting plugins due to page load.
2015-06-07 17:50:08.749 chapter4[13264:295721] Finished load of: file:///Users/dimpleyuen/Library/Developer/CoreSimulator/Devices/50D44F17-91F4-4142-A32A-5C58B2EE3870/data/Containers/Bundle/Application/64C9EDC2-B0D9-4EBC-856D-1AEFE7840089/chapter4.app/www/index.html#/landing
2015-06-07 21:09:38.722 chapter4[50310:2332180] DiskCookieStorage changing policy from 2 to 0, cookie file: file:///Users/WilsonHome/Library/Developer/CoreSimulator/Devices/E6B5ABAE-8EEE-4D89-A025-026E8B306D08/data/Containers/Data/Application/1A712ED0-0316-40AD-9C46-469CE52B62E1/Library/Cookies/Cookies.binarycookies
2015-06-07 21:09:38.970 chapter4[50310:2332180] Apache Cordova native platform version 3.8.0 is starting.
2015-06-07 21:09:38.971 chapter4[50310:2332180] Multi-tasking -> Device: YES, App: YES
2015-06-07 21:09:38.982 chapter4[50310:2332180] Unlimited access to network resources
2015-06-07 21:09:39.768 chapter4[50310:2332180] Resetting plugins due to page load.
2015-06-07 21:09:42.735 chapter4[50310:2332180] Finished load of: http://192.168.0.104:8100/#/landing
2015-06-07 21:29:59.459 chapter4[50310:2332180] Resetting plugins due to page load.
2015-06-07 21:30:00.343 chapter4[50310:2332180] Finished load of: http://192.168.0.104:8100/#/landing
2015-06-07 21:30:13.384 chapter4[50310:2332180] Resetting plugins due to page load.
2015-06-07 21:30:13.787 chapter4[50310:2332180] Finished load of: http://192.168.0.104:8100/#/landing
2015-06-07 21:30:28.988 chapter4[50310:2332180] Resetting plugins due to page load.
2015-06-07 21:30:29.331 chapter4[50310:2332180] Finished load of: http://192.168.0.104:8100/#/landing
2015-06-07 21:36:56.957 chapter4[50310:2332180] Resetting plugins due to page load.
2015-06-07 21:36:57.655 chapter4[50310:2332180] Finished load of: http://192.168.0.104:8100/#/landing
2015-06-07 21:37:00.984 chapter4[50310:2332180] Resetting plugins due to page load.
2015-06-07 21:37:01.296 chapter4[50310:2332180] Finished load of: http://192.168.0.104:8100/#/landing
2015-06-07 22:00:42.801 chapter4[50310:2332180] Resetting plugins due to page load.
2015-06-07 22:00:43.395 chapter4[50310:2332180] Finished load of: http://192.168.0.104:8100/#/landing
2015-06-07 22:01:00.436 chapter4[50310:2332180] Resetting plugins due to page load.
2015-06-07 22:01:00.779 chapter4[50310:2332180] Finished load of: http://192.168.0.104:8100/#/landing
